/* variable 'p' allocated 8 bytes of storage at offset 0 */
/* variable 'q' allocated vreg 10 */
/* Function 'main' uses 8 bytes of memory and 11 virtual registers */
/* allocate machine register %rbx to variable 'q' (vr10), rank is 5 */
	.section .text

	.globl main
main:
	enter    $8
	localaddr vr11<%r9>, $0
	add_q    vr14<%r8>, vr11<%r9>, $0
	mov_l    (vr14<%r8d>), $2
	add_q    vr17<%rcx>, vr11<%r9>, $4
	mov_l    (vr17<%ecx>), $3
	mov_l    vr23<%edx>, (vr14<%r8d>)
	mov_l    vr24<%esi>, (vr17<%ecx>)
	add_l    vr22<%edi>, vr23<%edx>, vr24<%esi>
	mov_l    vr0, vr22<%edi>
	jmp      .Lmain_return
.Lmain_return:
	leave    $8
	ret      
