/* variable 'i' allocated vreg 10 */
/* variable 'n' allocated vreg 11 */
/* variable 'sum' allocated vreg 12 */
/* Function 'main' uses 0 bytes of memory and 13 virtual registers */
/* allocate machine register %rbx to variable 'i' (vr10), rank is 81 */
/* allocate machine register %r12 to variable 'sum' (vr12), rank is 42 */
/* allocate machine register %r13 to variable 'n' (vr11), rank is 21 */
	.section .text

	.globl main
main:
	enter    $0
	mov_l    vr12, $0
	mov_l    vr11, $11
	mov_l    vr10, $0
	jmp      .L1
.L0:
	add_l    vr13<%r9d>, vr12, vr10
	mov_l    vr12, vr13<%r9d>
	add_l    vr15<%r8d>, vr10, $1
	mov_l    vr10, vr15<%r8d>
.L1:
	cmplte_l vr16<%r9d>, vr10, vr11
	cjmp_t   vr16<%r9d>, .L0
	mov_l    vr0, vr12
	jmp      .Lmain_return
.Lmain_return:
	leave    $0
	ret      
