/* variable 'a' allocated vreg 10 */
/* variable 'b' allocated vreg 11 */
/* variable 'c' allocated vreg 12 */
/* Function 'main' uses 0 bytes of memory and 13 virtual registers */
	.section .text

	.globl main
main:
	enter    $0
	mov_l    vr13, $2
	mov_l    vr10, vr13
	mov_l    vr14, $3
	mov_l    vr11, vr14
	mov_l    vr15, $1
	mov_l    vr12, vr15
	mov_l    vr16, $1
	add_l    vr17, vr10, vr16
	cmpeq_l  vr18, vr17, vr11
	cjmp_f   vr18, .L0
	mov_l    vr13, $0
	mov_l    vr12, vr13
.L0:
	mov_l    vr0, vr12
	jmp      .Lmain_return
	jmp      .Lmain_return
.Lmain_return:
	leave    $0
	ret      
