/* variable 'arr' allocated vreg 10 */
/* variable 'i' allocated vreg 11 */
/* Function 'read_m500x500' uses 0 bytes of memory and 12 virtual registers */
/* variable 'a' allocated 2000000 bytes of storage at offset 0 */
/* variable 'b' allocated 2000000 bytes of storage at offset 2000000 */
/* variable 'c' allocated 2000000 bytes of storage at offset 4000000 */
/* variable 'M' allocated vreg 10 */
/* variable 'NELTS' allocated vreg 11 */
/* variable 'SZ' allocated vreg 12 */
/* variable 'i' allocated vreg 13 */
/* variable 'j' allocated vreg 14 */
/* variable 'k' allocated vreg 15 */
/* variable 'r' allocated vreg 16 */
/* variable 'val' allocated vreg 17 */
/* Function 'main' uses 6000000 bytes of memory and 18 virtual registers */
	.section .text

	.globl read_m500x500
read_m500x500:
	enter    $0
	mov_q    vr10, vr1
	mov_l    vr12, $0
	mov_l    vr11, vr12
	jmp      .L1
.L0:
	call     read_i64
	mov_q    vr12, vr0
	sconv_lq vr13, vr11
	mul_q    vr14, vr13, $8
	add_q    vr15, vr10, vr14
	mov_q    (vr15), vr12
	mov_l    vr16, $1
	add_l    vr17, vr11, vr16
	mov_l    vr11, vr17
.L1:
	mov_l    vr18, $250000
	cmplt_l  vr19, vr11, vr18
	cjmp_t   vr19, .L0
	jmp      .Lread_m500x500_return
.Lread_m500x500_return:
	leave    $0
	ret      

	.globl main
main:
	enter    $6000000
	mov_l    vr18, $500
	mov_l    vr10, vr18
	mov_l    vr19, $250000
	mov_l    vr11, vr19
	localaddr vr20, $0
	mov_q    vr1, vr20
	call     read_m500x500
	localaddr vr21, $2000000
	mov_q    vr1, vr21
	call     read_m500x500
	mov_l    vr22, $0
	mov_l    vr13, vr22
	jmp      .L3
.L2:
	mov_q    vr18, $0
	localaddr vr19, $4000000
	sconv_lq vr20, vr13
	mul_q    vr21, vr20, $8
	add_q    vr22, vr19, vr21
	mov_q    (vr22), vr18
	mov_l    vr23, $1
	add_l    vr24, vr13, vr23
	mov_l    vr13, vr24
.L3:
	cmplt_l  vr25, vr13, vr11
	cjmp_t   vr25, .L2
	mov_l    vr26, $0
	mov_l    vr15, vr26
	jmp      .L5
.L4:
	mov_l    vr18, $0
	mov_l    vr13, vr18
	jmp      .L7
.L6:
	localaddr vr18, $0
	mul_l    vr19, vr13, vr10
	add_l    vr20, vr19, vr15
	sconv_lq vr21, vr20
	mul_q    vr22, vr21, $8
	add_q    vr23, vr18, vr22
	mov_q    vr24, (vr23)
	mov_q    vr16, vr24
	mov_l    vr25, $0
	mov_l    vr14, vr25
	jmp      .L9
.L8:
	localaddr vr18, $4000000
	mul_l    vr19, vr13, vr10
	add_l    vr20, vr19, vr14
	sconv_lq vr21, vr20
	mul_q    vr22, vr21, $8
	add_q    vr23, vr18, vr22
	mov_q    vr24, (vr23)
	mov_q    vr17, vr24
	localaddr vr25, $2000000
	mul_l    vr26, vr15, vr10
	add_l    vr27, vr26, vr14
	sconv_lq vr28, vr27
	mul_q    vr29, vr28, $8
	add_q    vr30, vr25, vr29
	mov_q    vr32, (vr30)
	mul_q    vr31, vr16, vr32
	add_q    vr33, vr17, vr31
	mov_q    vr17, vr33
	localaddr vr34, $4000000
	mul_l    vr35, vr13, vr10
	add_l    vr36, vr35, vr14
	sconv_lq vr37, vr36
	mul_q    vr38, vr37, $8
	add_q    vr39, vr34, vr38
	mov_q    (vr39), vr17
	mov_l    vr40, $1
	add_l    vr41, vr14, vr40
	mov_l    vr14, vr41
.L9:
	cmplt_l  vr42, vr14, vr10
	cjmp_t   vr42, .L8
	mov_l    vr43, $1
	add_l    vr44, vr13, vr43
	mov_l    vr13, vr44
.L7:
	cmplt_l  vr45, vr13, vr10
	cjmp_t   vr45, .L6
	mov_l    vr46, $1
	add_l    vr47, vr15, vr46
	mov_l    vr15, vr47
.L5:
	cmplt_l  vr48, vr15, vr10
	cjmp_t   vr48, .L4
	mov_l    vr49, $0
	mov_l    vr13, vr49
	jmp      .L11
.L10:
	localaddr vr18, $4000000
	sconv_lq vr19, vr13
	mul_q    vr20, vr19, $8
	add_q    vr21, vr18, vr20
	mov_q    vr1, (vr21)
	call     print_i64
	call     print_nl
	mov_l    vr22, $1
	add_l    vr23, vr13, vr22
	mov_l    vr13, vr23
.L11:
	mov_l    vr24, $250000
	cmplt_l  vr25, vr13, vr24
	cjmp_t   vr25, .L10
	mov_l    vr26, $0
	mov_l    vr0, vr26
	jmp      .Lmain_return
	jmp      .Lmain_return
.Lmain_return:
	leave    $6000000
	ret      
