/* variable 'arr' allocated 4 bytes of storage at offset 0 */
/* variable 'sum' allocated vreg 10 */
/* Function 'main' uses 4 bytes of memory and 11 virtual registers */
	.section .text

	.globl main
main:
	enter    $4
	mov_l    vr11, $2
	localaddr vr12, $0
	mov_l    vr13, $0
	sconv_lq vr14, vr13
	mul_q    vr15, vr14, $4
	add_q    vr16, vr12, vr15
	mov_l    (vr16), vr11
	localaddr vr17, $0
	mov_l    vr18, $0
	sconv_lq vr19, vr18
	mul_q    vr20, vr19, $4
	add_q    vr21, vr17, vr20
	mov_l    vr22, $1
	mov_l    vr24, (vr21)
	add_l    vr23, vr24, vr22
	mov_l    vr10, vr23
	mov_l    vr0, vr10
	jmp      .Lmain_return
	jmp      .Lmain_return
.Lmain_return:
	leave    $4
	ret      
