/* variable 'a' allocated vreg 10 */
/* variable 'b' allocated vreg 11 */
/* variable 'c' allocated vreg 12 */
/* Function 'main' uses 0 bytes of memory and 13 virtual registers */
	.section .text

	.globl main
main:
	enter    $0
	mov_q    vr13, $14642
	mov_q    vr10, vr13
	mov_q    vr14, $341491
	mul_q    vr15, vr10, vr14
	mov_q    vr10, vr15
	mov_q    vr16, $29
	mov_q    vr11, vr16
	mul_q    vr17, vr10, vr11
	mov_q    vr12, vr17
	mov_q    vr1, vr12
	call     print_i64
	call     print_nl
	mov_l    vr18, $0
	mov_l    vr0, vr18
	jmp      .Lmain_return
	jmp      .Lmain_return
.Lmain_return:
	leave    $0
	ret      
